2025-06-19 20:14:58 - Error al crear el usuario user1.
2025-06-19 20:14:58 - Error al crear el usuario user2.
2025-06-19 20:14:58 - Error al crear el usuario user3.
2025-06-19 20:15:20 - Error al crear el usuario user1.
2025-06-19 20:15:20 - Error al crear el usuario user2.
2025-06-19 20:15:20 - Error al crear el usuario user3.
2025-06-19 20:16:40 - Error al crear el usuario user1.
2025-06-19 20:16:40 - Error al crear el usuario user2.
2025-06-19 20:16:40 - Error al crear el usuario user3.
2025-06-19 20:17:14 - Error al crear el usuario user1.
2025-06-19 20:17:14 - Error al crear el usuario user2.
2025-06-19 20:17:14 - Error al crear el usuario user3.
2025-06-19 20:17:32 - Error al crear el usuario user1.
2025-06-19 20:17:32 - Error al crear el usuario user2.
2025-06-19 20:17:32 - Error al crear el usuario user3.
2025-06-19 20:17:52 - Error: No hay usuarios para eliminar.
2025-06-19 20:18:11 - Usuario user1 eliminado.
2025-06-19 20:18:15 - Usuario user2 eliminado.
2025-06-19 20:18:19 - Usuario user3 eliminado.
2025-06-19 20:18:23 - Error al eliminar el usuario .
2025-06-19 20:18:39 - Error: No hay usuarios para eliminar.
2025-06-19 20:32:47 - Usuario user1 creado con contraseña CMFPK6kobuggQ.
2025-06-19 20:32:47 - Usuario user2 creado con contraseña ZFcZCygWnfAth.
2025-06-19 20:32:48 - Usuario user3 creado con contraseña DdXcARRpYjEfP.
2025-06-19 20:32:51 - Usuario user1 eliminado.
2025-06-19 20:32:53 - Usuario user2 eliminado.
2025-06-19 20:32:55 - Usuario user3 eliminado.
2025-06-19 20:32:56 - Error: No hay usuarios para eliminar.
